This file contains any messages produced by compilers while
running configure, to aid debugging if configure makes a mistake.

It was created by xclip configure 0.13, which was
generated by GNU Autoconf 2.71.  Invocation command line was

  $ ./configure

## --------- ##
## Platform. ##
## --------- ##

hostname = NZHs-MBP-TW.lan
uname -m = x86_64
uname -r = 21.6.0
uname -s = Darwin
uname -v = Darwin Kernel Version 21.6.0: Mon Aug 22 20:17:10 PDT 2022; root:xnu-8020.140.49~2/RELEASE_X86_64

/usr/bin/uname -p = i386
/bin/uname -X     = unknown

/bin/arch              = unknown
/usr/bin/arch -k       = unknown
/usr/convex/getsysinfo = unknown
/usr/bin/hostinfo      = Mach kernel version:
	 Darwin Kernel Version 21.6.0: Mon Aug 22 20:17:10 PDT 2022; root:xnu-8020.140.49~2/RELEASE_X86_64
Kernel configured for up to 12 processors.
6 processors are physically available.
6 processors are logically available.
Processor type: x86_64h (Intel x86-64h Haswell)
Processors active: 0 1 2 3 4 5 6 7 8 9 10 11
Primary memory available: 16.00 gigabytes
Default processor set: 656 tasks, 3196 threads, 12 processors
Load average: 2.72, Mach factor: 9.26
/bin/machine           = unknown
/usr/bin/oslevel       = unknown
/bin/universe          = unknown

PATH: /usr/local/bin/
PATH: /usr/bin/
PATH: /bin/
PATH: /usr/sbin/
PATH: /sbin/
PATH: /Library/Apple/usr/bin/
PATH: /usr/local/Cellar/riscv-gnu-toolchain/master/bin/
PATH: /Users/nzh/.cargo/bin/
PATH: /usr/local/opt/scala@2.12/bin/
PATH: /usr/local/opt/maven@3.2/bin/
PATH: /usr/local/sbin/


## ----------- ##
## Core tests. ##
## ----------- ##

configure:2283: looking for aux files: install-sh
configure:2296:  trying ./
configure:2307:   ./install-sh found
configure:2501: checking for gcc
configure:2522: found /usr/bin/gcc
configure:2533: result: gcc
configure:2886: checking for C compiler version
configure:2895: gcc --version >&5
Apple clang version 14.0.0 (clang-1400.0.29.102)
Target: x86_64-apple-darwin21.6.0
Thread model: posix
InstalledDir: /Library/Developer/CommandLineTools/usr/bin
configure:2906: $? = 0
configure:2895: gcc -v >&5
Apple clang version 14.0.0 (clang-1400.0.29.102)
Target: x86_64-apple-darwin21.6.0
Thread model: posix
InstalledDir: /Library/Developer/CommandLineTools/usr/bin
configure:2906: $? = 0
configure:2895: gcc -V >&5
clang: error: argument to '-V' is missing (expected 1 value)
clang: error: no input files
configure:2906: $? = 1
configure:2895: gcc -qversion >&5
clang: error: unknown argument '-qversion'; did you mean '--version'?
clang: error: no input files
configure:2906: $? = 1
configure:2895: gcc -version >&5
clang: error: unknown argument '-version'; did you mean '--version'?
clang: error: no input files
configure:2906: $? = 1
configure:2926: checking whether the C compiler works
configure:2948: gcc    conftest.c  >&5
configure:2952: $? = 0
configure:3002: result: yes
configure:3005: checking for C compiler default output file name
configure:3007: result: a.out
configure:3013: checking for suffix of executables
configure:3020: gcc -o conftest    conftest.c  >&5
configure:3024: $? = 0
configure:3047: result: 
configure:3069: checking whether we are cross compiling
configure:3077: gcc -o conftest    conftest.c  >&5
configure:3081: $? = 0
configure:3088: ./conftest
configure:3092: $? = 0
configure:3107: result: no
configure:3112: checking for suffix of object files
configure:3135: gcc -c   conftest.c >&5
configure:3139: $? = 0
configure:3161: result: o
configure:3165: checking whether the compiler supports GNU C
configure:3185: gcc -c   conftest.c >&5
configure:3185: $? = 0
configure:3195: result: yes
configure:3206: checking whether gcc accepts -g
configure:3227: gcc -c -g  conftest.c >&5
configure:3227: $? = 0
configure:3271: result: yes
configure:3291: checking for gcc option to enable C11 features
configure:3306: gcc  -c -g -O2  conftest.c >&5
configure:3306: $? = 0
configure:3324: result: none needed
configure:3454: checking for a BSD-compatible install
configure:3527: result: /usr/bin/install -c
configure:3549: checking for stdio.h
configure:3549: gcc -c -g -O2 -Wall  conftest.c >&5
configure:3549: $? = 0
configure:3549: result: yes
configure:3549: checking for stdlib.h
configure:3549: gcc -c -g -O2 -Wall  conftest.c >&5
configure:3549: $? = 0
configure:3549: result: yes
configure:3549: checking for string.h
configure:3549: gcc -c -g -O2 -Wall  conftest.c >&5
configure:3549: $? = 0
configure:3549: result: yes
configure:3549: checking for inttypes.h
configure:3549: gcc -c -g -O2 -Wall  conftest.c >&5
configure:3549: $? = 0
configure:3549: result: yes
configure:3549: checking for stdint.h
configure:3549: gcc -c -g -O2 -Wall  conftest.c >&5
configure:3549: $? = 0
configure:3549: result: yes
configure:3549: checking for strings.h
configure:3549: gcc -c -g -O2 -Wall  conftest.c >&5
configure:3549: $? = 0
configure:3549: result: yes
configure:3549: checking for sys/stat.h
configure:3549: gcc -c -g -O2 -Wall  conftest.c >&5
configure:3549: $? = 0
configure:3549: result: yes
configure:3549: checking for sys/types.h
configure:3549: gcc -c -g -O2 -Wall  conftest.c >&5
configure:3549: $? = 0
configure:3549: result: yes
configure:3549: checking for unistd.h
configure:3549: gcc -c -g -O2 -Wall  conftest.c >&5
configure:3549: $? = 0
configure:3549: result: yes
configure:3574: checking for grep that handles long lines and -e
configure:3638: result: /usr/bin/grep
configure:3646: checking for egrep
configure:3714: result: /usr/bin/grep -E
configure:3725: checking how to run the C preprocessor
configure:3751: gcc -E  conftest.c
configure:3751: $? = 0
configure:3766: gcc -E  conftest.c
conftest.c:19:10: fatal error: 'ac_nonexistent.h' file not found
#include <ac_nonexistent.h>
         ^~~~~~~~~~~~~~~~~~
1 error generated.
configure:3766: $? = 1
configure: failed program was:
| /* confdefs.h */
| #define PACKAGE_NAME "xclip"
| #define PACKAGE_TARNAME "xclip"
| #define PACKAGE_VERSION "0.13"
| #define PACKAGE_STRING "xclip 0.13"
| #define PACKAGE_BUGREPORT ""
| #define PACKAGE_URL ""
| #define HAVE_STDIO_H 1
| #define HAVE_STDLIB_H 1
| #define HAVE_STRING_H 1
| #define HAVE_INTTYPES_H 1
| #define HAVE_STDINT_H 1
| #define HAVE_STRINGS_H 1
| #define HAVE_SYS_STAT_H 1
| #define HAVE_SYS_TYPES_H 1
| #define HAVE_UNISTD_H 1
| #define STDC_HEADERS 1
| /* end confdefs.h.  */
| #include <ac_nonexistent.h>
configure:3793: result: gcc -E
configure:3807: gcc -E  conftest.c
configure:3807: $? = 0
configure:3822: gcc -E  conftest.c
conftest.c:19:10: fatal error: 'ac_nonexistent.h' file not found
#include <ac_nonexistent.h>
         ^~~~~~~~~~~~~~~~~~
1 error generated.
configure:3822: $? = 1
configure: failed program was:
| /* confdefs.h */
| #define PACKAGE_NAME "xclip"
| #define PACKAGE_TARNAME "xclip"
| #define PACKAGE_VERSION "0.13"
| #define PACKAGE_STRING "xclip 0.13"
| #define PACKAGE_BUGREPORT ""
| #define PACKAGE_URL ""
| #define HAVE_STDIO_H 1
| #define HAVE_STDLIB_H 1
| #define HAVE_STRING_H 1
| #define HAVE_INTTYPES_H 1
| #define HAVE_STDINT_H 1
| #define HAVE_STRINGS_H 1
| #define HAVE_SYS_STAT_H 1
| #define HAVE_SYS_TYPES_H 1
| #define HAVE_UNISTD_H 1
| #define STDC_HEADERS 1
| /* end confdefs.h.  */
| #include <ac_nonexistent.h>
configure:3853: checking for X
configure:3891: gcc -o conftest -g -O2 -Wall   conftest.c -lX11  >&5
configure:3891: $? = 0
configure:4078: result: libraries , headers 
configure:4176: gcc -o conftest -g -O2 -Wall   conftest.c   -lX11 >&5
configure:4176: $? = 0
configure:4275: checking for gethostbyname
configure:4275: gcc -o conftest -g -O2 -Wall   conftest.c  >&5
configure:4275: $? = 0
configure:4275: result: yes
configure:4373: checking for connect
configure:4373: gcc -o conftest -g -O2 -Wall   conftest.c  >&5
configure:4373: $? = 0
configure:4373: result: yes
configure:4423: checking for remove
configure:4423: gcc -o conftest -g -O2 -Wall   conftest.c  >&5
configure:4423: $? = 0
configure:4423: result: yes
configure:4473: checking for shmat
configure:4473: gcc -o conftest -g -O2 -Wall   conftest.c  >&5
configure:4473: $? = 0
configure:4473: result: yes
configure:4532: checking for IceConnectionNumber in -lICE
configure:4555: gcc -o conftest -g -O2 -Wall   conftest.c -lICE   >&5
configure:4555: $? = 0
configure:4565: result: yes
configure:4624: checking for strip
configure:4645: found /usr/bin/strip
configure:4656: result: strip
configure:4678: checking for X11/Xmu/Atoms.h
configure:4678: gcc -c -g -O2 -Wall  conftest.c >&5
configure:4678: $? = 0
configure:4678: result: yes
configure:4686: checking for X11/Intrinsic.h
configure:4686: gcc -c -g -O2 -Wall  conftest.c >&5
configure:4686: $? = 0
configure:4686: result: yes
configure:4694: checking for iconv.h
configure:4694: gcc -c -g -O2 -Wall  conftest.c >&5
configure:4694: $? = 0
configure:4694: result: yes
configure:4697: checking for library containing iconv
configure:4727: gcc -o conftest -g -O2 -Wall   conftest.c  >&5
Undefined symbols for architecture x86_64:
  "_iconv", referenced from:
      _main in conftest-fda90a.o
ld: symbol(s) not found for architecture x86_64
clang: error: linker command failed with exit code 1 (use -v to see invocation)
configure:4727: $? = 1
configure: failed program was:
| /* confdefs.h */
| #define PACKAGE_NAME "xclip"
| #define PACKAGE_TARNAME "xclip"
| #define PACKAGE_VERSION "0.13"
| #define PACKAGE_STRING "xclip 0.13"
| #define PACKAGE_BUGREPORT ""
| #define PACKAGE_URL ""
| #define HAVE_STDIO_H 1
| #define HAVE_STDLIB_H 1
| #define HAVE_STRING_H 1
| #define HAVE_INTTYPES_H 1
| #define HAVE_STDINT_H 1
| #define HAVE_STRINGS_H 1
| #define HAVE_SYS_STAT_H 1
| #define HAVE_SYS_TYPES_H 1
| #define HAVE_UNISTD_H 1
| #define STDC_HEADERS 1
| /* end confdefs.h.  */
| 
| /* Override any GCC internal prototype to avoid an error.
|    Use char because int might match the return type of a GCC
|    builtin and then its argument prototype would still apply.  */
| char iconv ();
| int
| main (void)
| {
| return iconv ();
|   ;
|   return 0;
| }
configure:4727: gcc -o conftest -g -O2 -Wall   conftest.c -liconv   >&5
configure:4727: $? = 0
configure:4747: result: -liconv
configure:4759: checking for XmuClientWindow in -lXmu
configure:4782: gcc -o conftest -g -O2 -Wall   conftest.c -lXmu  -liconv  >&5
configure:4782: $? = 0
configure:4792: result: yes
configure:4957: creating ./config.status

## ---------------------- ##
## Running config.status. ##
## ---------------------- ##

This file was extended by xclip config.status 0.13, which was
generated by GNU Autoconf 2.71.  Invocation command line was

  CONFIG_FILES    = 
  CONFIG_HEADERS  = 
  CONFIG_LINKS    = 
  CONFIG_COMMANDS = 
  $ ./config.status 

on NZHs-MBP-TW.lan

config.status:727: creating Makefile

## ---------------- ##
## Cache variables. ##
## ---------------- ##

ac_cv_c_compiler_gnu=yes
ac_cv_env_CC_set=
ac_cv_env_CC_value=
ac_cv_env_CFLAGS_set=
ac_cv_env_CFLAGS_value=
ac_cv_env_CPPFLAGS_set=
ac_cv_env_CPPFLAGS_value=
ac_cv_env_CPP_set=
ac_cv_env_CPP_value=
ac_cv_env_LDFLAGS_set=
ac_cv_env_LDFLAGS_value=
ac_cv_env_LIBS_set=
ac_cv_env_LIBS_value=
ac_cv_env_XMKMF_set=
ac_cv_env_XMKMF_value=
ac_cv_env_build_alias_set=
ac_cv_env_build_alias_value=
ac_cv_env_host_alias_set=
ac_cv_env_host_alias_value=
ac_cv_env_target_alias_set=
ac_cv_env_target_alias_value=
ac_cv_func_connect=yes
ac_cv_func_gethostbyname=yes
ac_cv_func_remove=yes
ac_cv_func_shmat=yes
ac_cv_have_x='have_x=yes	ac_x_includes='\'''\''	ac_x_libraries='\'''\'''
ac_cv_header_X11_Intrinsic_h=yes
ac_cv_header_X11_Xmu_Atoms_h=yes
ac_cv_header_iconv_h=yes
ac_cv_header_inttypes_h=yes
ac_cv_header_stdint_h=yes
ac_cv_header_stdio_h=yes
ac_cv_header_stdlib_h=yes
ac_cv_header_string_h=yes
ac_cv_header_strings_h=yes
ac_cv_header_sys_stat_h=yes
ac_cv_header_sys_types_h=yes
ac_cv_header_unistd_h=yes
ac_cv_lib_ICE_IceConnectionNumber=yes
ac_cv_lib_Xmu_XmuClientWindow=yes
ac_cv_objext=o
ac_cv_path_EGREP='/usr/bin/grep -E'
ac_cv_path_GREP=/usr/bin/grep
ac_cv_path_install='/usr/bin/install -c'
ac_cv_prog_CPP='gcc -E'
ac_cv_prog_ac_ct_CC=gcc
ac_cv_prog_ac_ct_STRIP=strip
ac_cv_prog_cc_c11=
ac_cv_prog_cc_g=yes
ac_cv_prog_cc_stdc=
ac_cv_search_iconv=-liconv

## ----------------- ##
## Output variables. ##
## ----------------- ##

CC='gcc'
CFLAGS='-g -O2 -Wall'
CPP='gcc -E'
CPPFLAGS=''
DEFS='-DPACKAGE_NAME=\"xclip\" -DPACKAGE_TARNAME=\"xclip\" -DPACKAGE_VERSION=\"0.13\" -DPACKAGE_STRING=\"xclip\ 0.13\" -DPACKAGE_BUGREPORT=\"\" -DPACKAGE_URL=\"\" -DHAVE_STDIO_H=1 -DHAVE_STDLIB_H=1 -DHAVE_STRING_H=1 -DHAVE_INTTYPES_H=1 -DHAVE_STDINT_H=1 -DHAVE_STRINGS_H=1 -DHAVE_SYS_STAT_H=1 -DHAVE_SYS_TYPES_H=1 -DHAVE_UNISTD_H=1 -DSTDC_HEADERS=1 -DHAVE_ICONV=1 -DHAVE_LIBXMU=1'
ECHO_C='\c'
ECHO_N=''
ECHO_T=''
EGREP='/usr/bin/grep -E'
EXEEXT=''
GREP='/usr/bin/grep'
INSTALL_DATA='${INSTALL} -m 644'
INSTALL_PROGRAM='${INSTALL}'
INSTALL_SCRIPT='${INSTALL}'
LDFLAGS=''
LIBOBJS=''
LIBS='-lXmu -liconv '
LTLIBOBJS=''
OBJEXT='o'
PACKAGE_BUGREPORT=''
PACKAGE_NAME='xclip'
PACKAGE_STRING='xclip 0.13'
PACKAGE_TARNAME='xclip'
PACKAGE_URL=''
PACKAGE_VERSION='0.13'
PATH_SEPARATOR=':'
SHELL='/bin/sh'
STRIP='strip'
XMKMF=''
X_CFLAGS=''
X_EXTRA_LIBS=''
X_LIBS=''
X_PRE_LIBS=' -lSM -lICE'
ac_ct_CC='gcc'
bindir='${exec_prefix}/bin'
build_alias=''
datadir='${datarootdir}'
datarootdir='${prefix}/share'
docdir='${datarootdir}/doc/${PACKAGE_TARNAME}'
dvidir='${docdir}'
exec_prefix='${prefix}'
host_alias=''
htmldir='${docdir}'
includedir='${prefix}/include'
infodir='${datarootdir}/info'
libdir='${exec_prefix}/lib'
libexecdir='${exec_prefix}/libexec'
localedir='${datarootdir}/locale'
localstatedir='${prefix}/var'
mandir='${datarootdir}/man'
oldincludedir='/usr/include'
pdfdir='${docdir}'
prefix='/usr/local'
program_transform_name='s,x,x,'
psdir='${docdir}'
runstatedir='${localstatedir}/run'
sbindir='${exec_prefix}/sbin'
sharedstatedir='${prefix}/com'
sysconfdir='${prefix}/etc'
target_alias=''

## ----------- ##
## confdefs.h. ##
## ----------- ##

/* confdefs.h */
#define PACKAGE_NAME "xclip"
#define PACKAGE_TARNAME "xclip"
#define PACKAGE_VERSION "0.13"
#define PACKAGE_STRING "xclip 0.13"
#define PACKAGE_BUGREPORT ""
#define PACKAGE_URL ""
#define HAVE_STDIO_H 1
#define HAVE_STDLIB_H 1
#define HAVE_STRING_H 1
#define HAVE_INTTYPES_H 1
#define HAVE_STDINT_H 1
#define HAVE_STRINGS_H 1
#define HAVE_SYS_STAT_H 1
#define HAVE_SYS_TYPES_H 1
#define HAVE_UNISTD_H 1
#define STDC_HEADERS 1
#define HAVE_ICONV 1
#define HAVE_LIBXMU 1

configure: exit 0

## ---------------------- ##
## Running config.status. ##
## ---------------------- ##

This file was extended by xclip config.status 0.13, which was
generated by GNU Autoconf 2.71.  Invocation command line was

  CONFIG_FILES    = 
  CONFIG_HEADERS  = 
  CONFIG_LINKS    = 
  CONFIG_COMMANDS = 
  $ ./config.status 

on NZHs-MBP-TW.lan

config.status:727: creating Makefile
